<?xml version="1.0" encoding="UTF-8"?>
<!-- Generated by org.testng.reporters.JUnitReportReporter -->
<testsuite skipped="0" hostname="DESKTOP-MO4QFCL" name="test3.InterviewT" tests="1" failures="0" timestamp="21 Jan 2021 22:33:23 GMT" time="1.029" errors="0">
  <testcase name="start" time="1.029" classname="test3.InterviewT"/>
</testsuite> <!-- test3.InterviewT -->
